Mobile/build/app/intermediates/manifest_merge_blame_file/release/manifest-merger-blame-release-report.txt
1<?xml version="1.0" encoding="utf-8"?>
2<manifest xmlns:android="http://schemas.android.com/apk/res/android"
3    package="com.example.kltn"
4    android:versionCode="1"
5    android:versionName="1.0.0" >
6
7    <uses-sdk
8        android:minSdkVersion="21"
8-->src\main\AndroidManifest.xml
9        android:targetSdkVersion="33" />
9-->src\main\AndroidManifest.xml
10
11    <uses-permission android:name="android.permission.INTERNET" />
11-->src\main\AndroidManifest.xml:2:5-66
11-->src\main\AndroidManifest.xml:2:22-64
12    <!-- for below android 13 -->
13    <uses-permission android:name="android.permission.MANAGE_EXTERNAL_STORAGE" />
13-->src\main\AndroidManifest.xml:4:5-82
13-->src\main\AndroidManifest.xml:4:22-79
14    <uses-permission android:name="android.permission.READ_EXTERNAL_STORAGE" />
14-->src\main\AndroidManifest.xml:5:5-80
14-->src\main\AndroidManifest.xml:5:22-77
15    <uses-permission android:name="android.permission.WRITE_EXTERNAL_STORAGE" />
15-->src\main\AndroidManifest.xml:6:5-81
15-->src\main\AndroidManifest.xml:6:22-78
16    <!-- for above android 13 -->
17    <uses-permission android:name="android.permission.READ_MEDIA_IMAGES" />
17-->src\main\AndroidManifest.xml:8:5-76
17-->src\main\AndroidManifest.xml:8:22-73
18    <uses-permission android:name="android.permission.READ_MEDIA_VIDEO" />
18-->src\main\AndroidManifest.xml:9:5-75
18-->src\main\AndroidManifest.xml:9:22-72
19    <uses-permission android:name="android.permission.READ_MEDIA_AUDIO" />
19-->src\main\AndroidManifest.xml:10:5-75
19-->src\main\AndroidManifest.xml:10:22-72
20
21    <queries>
21-->src\main\AndroidManifest.xml:46:5-51:13
22        <intent>
22-->src\main\AndroidManifest.xml:47:5-50:14
23            <action android:name="android.intent.action.SENDTO" />
23-->src\main\AndroidManifest.xml:48:7-61
23-->src\main\AndroidManifest.xml:48:15-58
24
25            <data android:scheme="mailto" />
25-->src\main\AndroidManifest.xml:49:7-39
25-->src\main\AndroidManifest.xml:49:13-36
26        </intent>
27        <intent>
27-->[:flutter_inappwebview] AndroidManifest.xml:10:9-12:18
28            <action android:name="android.support.customtabs.action.CustomTabsService" />
28-->[:flutter_inappwebview] AndroidManifest.xml:11:13-90
28-->[:flutter_inappwebview] AndroidManifest.xml:11:21-87
29        </intent>
30    </queries>
31
32    <uses-permission android:name="android.permission.WAKE_LOCK" />
32-->[:firebase_messaging] AndroidManifest.xml:10:5-68
32-->[:firebase_messaging] AndroidManifest.xml:10:22-65
33    <uses-permission android:name="android.permission.ACCESS_NETWORK_STATE" /> <!-- Permissions options for the `notification` group -->
33-->[:firebase_messaging] AndroidManifest.xml:11:5-79
33-->[:firebase_messaging] AndroidManifest.xml:11:22-76
34    <uses-permission android:name="android.permission.POST_NOTIFICATIONS" />
34-->[:firebase_messaging] AndroidManifest.xml:13:5-77
34-->[:firebase_messaging] AndroidManifest.xml:13:22-74
35    <uses-permission android:name="android.permission.RECEIVE_BOOT_COMPLETED" />
35-->[:flutter_local_notifications] AndroidManifest.xml:9:5-81
35-->[:flutter_local_notifications] AndroidManifest.xml:9:22-78
36    <uses-permission android:name="android.permission.VIBRATE" />
36-->[:flutter_local_notifications] AndroidManifest.xml:10:5-66
36-->[:flutter_local_notifications] AndroidManifest.xml:10:22-63
37    <uses-permission android:name="android.permission.USE_FULL_SCREEN_INTENT" />
37-->[:flutter_local_notifications] AndroidManifest.xml:11:5-81
37-->[:flutter_local_notifications] AndroidManifest.xml:11:22-78
38    <uses-permission android:name="android.permission.SCHEDULE_EXACT_ALARM" /> <!-- Required by older versions of Google Play services to create IID tokens -->
38-->[:flutter_local_notifications] AndroidManifest.xml:12:5-79
38-->[:flutter_local_notifications] AndroidManifest.xml:12:22-76
39    <uses-permission android:name="com.google.android.c2dm.permission.RECEIVE" />
39-->[com.google.firebase:firebase-messaging:23.3.1] AndroidManifest.xml:26:5-82
39-->[com.google.firebase:firebase-messaging:23.3.1] AndroidManifest.xml:26:22-79
40
41    <permission
41-->[androidx.core:core:1.10.1] AndroidManifest.xml:22:5-24:47
42        android:name="com.example.kltn.DYNAMIC_RECEIVER_NOT_EXPORTED_PERMISSION"
42-->[androidx.core:core:1.10.1] AndroidManifest.xml:23:9-81
43        android:protectionLevel="signature" />
43-->[androidx.core:core:1.10.1] AndroidManifest.xml:24:9-44
44
45    <uses-permission android:name="com.example.kltn.DYNAMIC_RECEIVER_NOT_EXPORTED_PERMISSION" /> <!-- InternetPermission -->
45-->[androidx.core:core:1.10.1] AndroidManifest.xml:26:5-97
45-->[androidx.core:core:1.10.1] AndroidManifest.xml:26:22-94
46    <application
47        android:name="io.flutter.app.FlutterMultiDexApplication"
47-->src\main\AndroidManifest.xml:16:9-42
48        android:appComponentFactory="androidx.core.app.CoreComponentFactory"
48-->[androidx.core:core:1.10.1] AndroidManifest.xml:28:18-86
49        android:icon="@mipmap/logo"
49-->src\main\AndroidManifest.xml:17:9-36
50        android:label="K26-Demy"
50-->src\main\AndroidManifest.xml:14:9-33
51        android:requestLegacyExternalStorage="true" >
51-->src\main\AndroidManifest.xml:15:9-52
52        <activity
52-->src\main\AndroidManifest.xml:18:9-39:20
53            android:name="com.example.kltn.MainActivity"
53-->src\main\AndroidManifest.xml:19:13-41
54            android:configChanges="orientation|keyboardHidden|keyboard|screenSize|smallestScreenSize|locale|layoutDirection|fontScale|screenLayout|density|uiMode"
54-->src\main\AndroidManifest.xml:23:13-163
55            android:exported="true"
55-->src\main\AndroidManifest.xml:20:13-36
56            android:hardwareAccelerated="true"
56-->src\main\AndroidManifest.xml:24:13-47
57            android:launchMode="singleTop"
57-->src\main\AndroidManifest.xml:21:13-43
58            android:requestLegacyExternalStorage="true"
58-->src\main\AndroidManifest.xml:25:13-56
59            android:theme="@style/LaunchTheme"
59-->src\main\AndroidManifest.xml:22:13-47
60            android:windowSoftInputMode="adjustResize" >
60-->src\main\AndroidManifest.xml:26:13-55
61
62            <!--
63                 Specifies an Android theme to apply to this Activity as soon as
64                 the Android process has started. This theme is visible to the user
65                 while the Flutter UI initializes. After that, this theme continues
66                 to determine the Window background behind the Flutter UI.
67            -->
68            <meta-data
68-->src\main\AndroidManifest.xml:31:13-34:17
69                android:name="io.flutter.embedding.android.NormalTheme"
69-->src\main\AndroidManifest.xml:32:15-70
70                android:resource="@style/NormalTheme" />
70-->src\main\AndroidManifest.xml:33:15-52
71
72            <intent-filter>
72-->src\main\AndroidManifest.xml:35:13-38:29
73                <action android:name="android.intent.action.MAIN" />
73-->src\main\AndroidManifest.xml:36:17-68
73-->src\main\AndroidManifest.xml:36:25-66
74
75                <category android:name="android.intent.category.LAUNCHER" />
75-->src\main\AndroidManifest.xml:37:17-76
75-->src\main\AndroidManifest.xml:37:27-74
76            </intent-filter>
77        </activity>
78        <!--
79             Don't delete the meta-data below.
80             This is used by the Flutter tool to generate GeneratedPluginRegistrant.java
81        -->
82        <meta-data
82-->src\main\AndroidManifest.xml:42:9-44:33
83            android:name="flutterEmbedding"
83-->src\main\AndroidManifest.xml:43:13-44
84            android:value="2" />
84-->src\main\AndroidManifest.xml:44:13-30
85
86        <service
86-->[:firebase_messaging] AndroidManifest.xml:16:9-19:72
87            android:name="io.flutter.plugins.firebase.messaging.FlutterFirebaseMessagingBackgroundService"
87-->[:firebase_messaging] AndroidManifest.xml:17:13-107
88            android:exported="false"
88-->[:firebase_messaging] AndroidManifest.xml:18:13-37
89            android:permission="android.permission.BIND_JOB_SERVICE" />
89-->[:firebase_messaging] AndroidManifest.xml:19:13-69
90        <service
90-->[:firebase_messaging] AndroidManifest.xml:20:9-26:19
91            android:name="io.flutter.plugins.firebase.messaging.FlutterFirebaseMessagingService"
91-->[:firebase_messaging] AndroidManifest.xml:21:13-97
92            android:exported="false" >
92-->[:firebase_messaging] AndroidManifest.xml:22:13-37
93            <intent-filter>
93-->[:firebase_messaging] AndroidManifest.xml:23:13-25:29
94                <action android:name="com.google.firebase.MESSAGING_EVENT" />
94-->[:firebase_messaging] AndroidManifest.xml:24:17-78
94-->[:firebase_messaging] AndroidManifest.xml:24:25-75
95            </intent-filter>
96        </service>
97
98        <receiver
98-->[:firebase_messaging] AndroidManifest.xml:28:9-35:20
99            android:name="io.flutter.plugins.firebase.messaging.FlutterFirebaseMessagingReceiver"
99-->[:firebase_messaging] AndroidManifest.xml:29:13-98
100            android:exported="true"
100-->[:firebase_messaging] AndroidManifest.xml:30:13-36
101            android:permission="com.google.android.c2dm.permission.SEND" >
101-->[:firebase_messaging] AndroidManifest.xml:31:13-73
102            <intent-filter>
102-->[:firebase_messaging] AndroidManifest.xml:32:13-34:29
103                <action android:name="com.google.android.c2dm.intent.RECEIVE" />
103-->[:firebase_messaging] AndroidManifest.xml:33:17-81
103-->[:firebase_messaging] AndroidManifest.xml:33:25-78
104            </intent-filter>
105        </receiver>
106
107        <service
107-->[:firebase_messaging] AndroidManifest.xml:37:9-41:19
108            android:name="com.google.firebase.components.ComponentDiscoveryService"
108-->[:firebase_messaging] AndroidManifest.xml:37:18-89
109            android:directBootAware="true"
109-->[com.google.firebase:firebase-common:20.4.2] AndroidManifest.xml:32:13-43
110            android:exported="false" >
110-->[com.google.firebase:firebase-messaging:23.3.1] AndroidManifest.xml:56:13-37
111            <meta-data
111-->[:firebase_messaging] AndroidManifest.xml:38:13-40:85
112                android:name="com.google.firebase.components:io.flutter.plugins.firebase.messaging.FlutterFirebaseAppRegistrar"
112-->[:firebase_messaging] AndroidManifest.xml:39:17-128
113                android:value="com.google.firebase.components.ComponentRegistrar" />
113-->[:firebase_messaging] AndroidManifest.xml:40:17-82
114            <meta-data
114-->[:firebase_core] AndroidManifest.xml:11:13-13:85
115                android:name="com.google.firebase.components:io.flutter.plugins.firebase.core.FlutterFirebaseCoreRegistrar"
115-->[:firebase_core] AndroidManifest.xml:12:17-124
116                android:value="com.google.firebase.components.ComponentRegistrar" />
116-->[:firebase_core] AndroidManifest.xml:13:17-82
117            <meta-data
117-->[com.google.firebase:firebase-messaging:23.3.1] AndroidManifest.xml:57:13-59:85
118                android:name="com.google.firebase.components:com.google.firebase.messaging.FirebaseMessagingKtxRegistrar"
118-->[com.google.firebase:firebase-messaging:23.3.1] AndroidManifest.xml:58:17-122
119                android:value="com.google.firebase.components.ComponentRegistrar" />
119-->[com.google.firebase:firebase-messaging:23.3.1] AndroidManifest.xml:59:17-82
120            <meta-data
120-->[com.google.firebase:firebase-messaging:23.3.1] AndroidManifest.xml:60:13-62:85
121                android:name="com.google.firebase.components:com.google.firebase.messaging.FirebaseMessagingRegistrar"
121-->[com.google.firebase:firebase-messaging:23.3.1] AndroidManifest.xml:61:17-119
122                android:value="com.google.firebase.components.ComponentRegistrar" />
122-->[com.google.firebase:firebase-messaging:23.3.1] AndroidManifest.xml:62:17-82
123            <meta-data
123-->[com.google.firebase:firebase-iid:21.1.0] AndroidManifest.xml:32:13-34:85
124                android:name="com.google.firebase.components:com.google.firebase.iid.Registrar"
124-->[com.google.firebase:firebase-iid:21.1.0] AndroidManifest.xml:33:17-96
125                android:value="com.google.firebase.components.ComponentRegistrar" />
125-->[com.google.firebase:firebase-iid:21.1.0] AndroidManifest.xml:34:17-82
126            <meta-data
126-->[com.google.firebase:firebase-installations:17.2.0] AndroidManifest.xml:15:13-17:85
127                android:name="com.google.firebase.components:com.google.firebase.installations.FirebaseInstallationsKtxRegistrar"
127-->[com.google.firebase:firebase-installations:17.2.0] AndroidManifest.xml:16:17-130
128                android:value="com.google.firebase.components.ComponentRegistrar" />
128-->[com.google.firebase:firebase-installations:17.2.0] AndroidManifest.xml:17:17-82
129            <meta-data
129-->[com.google.firebase:firebase-installations:17.2.0] AndroidManifest.xml:18:13-20:85
130                android:name="com.google.firebase.components:com.google.firebase.installations.FirebaseInstallationsRegistrar"
130-->[com.google.firebase:firebase-installations:17.2.0] AndroidManifest.xml:19:17-127
131                android:value="com.google.firebase.components.ComponentRegistrar" />
131-->[com.google.firebase:firebase-installations:17.2.0] AndroidManifest.xml:20:17-82
132            <meta-data
132-->[com.google.firebase:firebase-common-ktx:20.4.2] AndroidManifest.xml:12:13-14:85
133                android:name="com.google.firebase.components:com.google.firebase.ktx.FirebaseCommonLegacyRegistrar"
133-->[com.google.firebase:firebase-common-ktx:20.4.2] AndroidManifest.xml:13:17-116
134                android:value="com.google.firebase.components.ComponentRegistrar" />
134-->[com.google.firebase:firebase-common-ktx:20.4.2] AndroidManifest.xml:14:17-82
135            <meta-data
135-->[com.google.firebase:firebase-common:20.4.2] AndroidManifest.xml:35:13-37:85
136                android:name="com.google.firebase.components:com.google.firebase.FirebaseCommonKtxRegistrar"
136-->[com.google.firebase:firebase-common:20.4.2] AndroidManifest.xml:36:17-109
137                android:value="com.google.firebase.components.ComponentRegistrar" />
137-->[com.google.firebase:firebase-common:20.4.2] AndroidManifest.xml:37:17-82
138            <meta-data
138-->[com.google.firebase:firebase-datatransport:18.1.7] AndroidManifest.xml:27:13-29:85
139                android:name="com.google.firebase.components:com.google.firebase.datatransport.TransportRegistrar"
139-->[com.google.firebase:firebase-datatransport:18.1.7] AndroidManifest.xml:28:17-115
140                android:value="com.google.firebase.components.ComponentRegistrar" />
140-->[com.google.firebase:firebase-datatransport:18.1.7] AndroidManifest.xml:29:17-82
141        </service>
142
143        <provider
143-->[:firebase_messaging] AndroidManifest.xml:43:9-47:38
144            android:name="io.flutter.plugins.firebase.messaging.FlutterFirebaseMessagingInitProvider"
144-->[:firebase_messaging] AndroidManifest.xml:44:13-102
145            android:authorities="com.example.kltn.flutterfirebasemessaginginitprovider"
145-->[:firebase_messaging] AndroidManifest.xml:45:13-88
146            android:exported="false"
146-->[:firebase_messaging] AndroidManifest.xml:46:13-37
147            android:initOrder="99" />
147-->[:firebase_messaging] AndroidManifest.xml:47:13-35
148        <provider
148-->[:image_picker_android] AndroidManifest.xml:10:9-18:20
149            android:name="io.flutter.plugins.imagepicker.ImagePickerFileProvider"
149-->[:image_picker_android] AndroidManifest.xml:11:13-82
150            android:authorities="com.example.kltn.flutter.image_provider"
150-->[:image_picker_android] AndroidManifest.xml:12:13-74
151            android:exported="false"
151-->[:image_picker_android] AndroidManifest.xml:13:13-37
152            android:grantUriPermissions="true" >
152-->[:image_picker_android] AndroidManifest.xml:14:13-47
153            <meta-data
153-->[:image_picker_android] AndroidManifest.xml:15:13-17:75
154                android:name="android.support.FILE_PROVIDER_PATHS"
154-->[:image_picker_android] AndroidManifest.xml:16:17-67
155                android:resource="@xml/flutter_image_picker_file_paths" />
155-->[:image_picker_android] AndroidManifest.xml:17:17-72
156        </provider>
157
158        <activity
158-->[:url_launcher_android] AndroidManifest.xml:10:9-13:74
159            android:name="io.flutter.plugins.urllauncher.WebViewActivity"
159-->[:url_launcher_android] AndroidManifest.xml:11:13-74
160            android:exported="false"
160-->[:url_launcher_android] AndroidManifest.xml:12:13-37
161            android:theme="@android:style/Theme.NoTitleBar.Fullscreen" />
161-->[:url_launcher_android] AndroidManifest.xml:13:13-71
162
163        <receiver
163-->[:flutter_local_notifications] AndroidManifest.xml:16:9-18:40
164            android:name="com.dexterous.flutterlocalnotifications.ScheduledNotificationReceiver"
164-->[:flutter_local_notifications] AndroidManifest.xml:17:13-97
165            android:exported="false" />
165-->[:flutter_local_notifications] AndroidManifest.xml:18:13-37
166        <receiver
166-->[:flutter_local_notifications] AndroidManifest.xml:19:9-28:20
167            android:name="com.dexterous.flutterlocalnotifications.ScheduledNotificationBootReceiver"
167-->[:flutter_local_notifications] AndroidManifest.xml:20:13-101
168            android:exported="false" >
168-->[:flutter_local_notifications] AndroidManifest.xml:21:13-37
169            <intent-filter>
169-->[:flutter_local_notifications] AndroidManifest.xml:22:13-27:29
170                <action android:name="android.intent.action.BOOT_COMPLETED" />
170-->[:flutter_local_notifications] AndroidManifest.xml:23:17-79
170-->[:flutter_local_notifications] AndroidManifest.xml:23:25-76
171                <action android:name="android.intent.action.MY_PACKAGE_REPLACED" />
171-->[:flutter_local_notifications] AndroidManifest.xml:24:17-84
171-->[:flutter_local_notifications] AndroidManifest.xml:24:25-81
172                <action android:name="android.intent.action.QUICKBOOT_POWERON" />
172-->[:flutter_local_notifications] AndroidManifest.xml:25:17-82
172-->[:flutter_local_notifications] AndroidManifest.xml:25:25-79
173                <action android:name="com.htc.intent.action.QUICKBOOT_POWERON" />
173-->[:flutter_local_notifications] AndroidManifest.xml:26:17-82
173-->[:flutter_local_notifications] AndroidManifest.xml:26:25-79
174            </intent-filter>
175        </receiver>
176
177        <provider
177-->[:flutter_webview_plugin] AndroidManifest.xml:11:9-20:20
178            android:name="androidx.core.content.FileProvider"
178-->[:flutter_webview_plugin] AndroidManifest.xml:12:13-62
179            android:authorities="com.example.kltn.fileprovider"
179-->[:flutter_webview_plugin] AndroidManifest.xml:13:13-64
180            android:exported="false"
180-->[:flutter_webview_plugin] AndroidManifest.xml:14:13-37
181            android:grantUriPermissions="true" >
181-->[:flutter_webview_plugin] AndroidManifest.xml:15:13-47
182            <meta-data
182-->[:image_picker_android] AndroidManifest.xml:15:13-17:75
183                android:name="android.support.FILE_PROVIDER_PATHS"
183-->[:image_picker_android] AndroidManifest.xml:16:17-67
184                android:resource="@xml/filepaths" />
184-->[:image_picker_android] AndroidManifest.xml:17:17-72
185        </provider>
186
187        <activity
187-->[:flutter_inappwebview] AndroidManifest.xml:16:9-20:47
188            android:name="com.pichillilorenzo.flutter_inappwebview.in_app_browser.InAppBrowserActivity"
188-->[:flutter_inappwebview] AndroidManifest.xml:17:13-104
189            android:configChanges="orientation|keyboardHidden|keyboard|screenSize|locale|layoutDirection|fontScale|screenLayout|density"
189-->[:flutter_inappwebview] AndroidManifest.xml:18:13-137
190            android:exported="false"
190-->[:flutter_inappwebview] AndroidManifest.xml:19:13-37
191            android:theme="@style/AppTheme" />
191-->[:flutter_inappwebview] AndroidManifest.xml:20:13-44
192        <activity
192-->[:flutter_inappwebview] AndroidManifest.xml:21:9-24:55
193            android:name="com.pichillilorenzo.flutter_inappwebview.chrome_custom_tabs.ChromeCustomTabsActivity"
193-->[:flutter_inappwebview] AndroidManifest.xml:22:13-112
194            android:exported="false"
194-->[:flutter_inappwebview] AndroidManifest.xml:23:13-37
195            android:theme="@style/ThemeTransparent" />
195-->[:flutter_inappwebview] AndroidManifest.xml:24:13-52
196        <activity
196-->[:flutter_inappwebview] AndroidManifest.xml:25:9-28:55
197            android:name="com.pichillilorenzo.flutter_inappwebview.chrome_custom_tabs.TrustedWebActivity"
197-->[:flutter_inappwebview] AndroidManifest.xml:26:13-106
198            android:exported="false"
198-->[:flutter_inappwebview] AndroidManifest.xml:27:13-37
199            android:theme="@style/ThemeTransparent" />
199-->[:flutter_inappwebview] AndroidManifest.xml:28:13-52
200        <activity
200-->[:flutter_inappwebview] AndroidManifest.xml:29:9-33:55
201            android:name="com.pichillilorenzo.flutter_inappwebview.chrome_custom_tabs.ChromeCustomTabsActivitySingleInstance"
201-->[:flutter_inappwebview] AndroidManifest.xml:30:13-126
202            android:exported="false"
202-->[:flutter_inappwebview] AndroidManifest.xml:31:13-37
203            android:launchMode="singleInstance"
203-->[:flutter_inappwebview] AndroidManifest.xml:32:13-48
204            android:theme="@style/ThemeTransparent" />
204-->[:flutter_inappwebview] AndroidManifest.xml:33:13-52
205        <activity
205-->[:flutter_inappwebview] AndroidManifest.xml:34:9-38:55
206            android:name="com.pichillilorenzo.flutter_inappwebview.chrome_custom_tabs.TrustedWebActivitySingleInstance"
206-->[:flutter_inappwebview] AndroidManifest.xml:35:13-120
207            android:exported="false"
207-->[:flutter_inappwebview] AndroidManifest.xml:36:13-37
208            android:launchMode="singleInstance"
208-->[:flutter_inappwebview] AndroidManifest.xml:37:13-48
209            android:theme="@style/ThemeTransparent" />
209-->[:flutter_inappwebview] AndroidManifest.xml:38:13-52
210
211        <receiver
211-->[:flutter_inappwebview] AndroidManifest.xml:40:9-43:40
212            android:name="com.pichillilorenzo.flutter_inappwebview.chrome_custom_tabs.ActionBroadcastReceiver"
212-->[:flutter_inappwebview] AndroidManifest.xml:41:13-111
213            android:enabled="true"
213-->[:flutter_inappwebview] AndroidManifest.xml:42:13-35
214            android:exported="false" />
214-->[:flutter_inappwebview] AndroidManifest.xml:43:13-37
215
216        <meta-data
216-->[:flutter_inappwebview] AndroidManifest.xml:45:9-47:36
217            android:name="io.flutter.embedded_views_preview"
217-->[:flutter_inappwebview] AndroidManifest.xml:46:13-61
218            android:value="true" />
218-->[:flutter_inappwebview] AndroidManifest.xml:47:13-33
219
220        <provider
220-->[:open_file] AndroidManifest.xml:11:9-20:20
221            android:name="com.crazecoder.openfile.FileProvider"
221-->[:open_file] AndroidManifest.xml:12:13-64
222            android:authorities="com.example.kltn.fileProvider.com.crazecoder.openfile"
222-->[:open_file] AndroidManifest.xml:13:13-88
223            android:exported="false"
223-->[:open_file] AndroidManifest.xml:14:13-37
224            android:grantUriPermissions="true" >
224-->[:open_file] AndroidManifest.xml:15:13-47
225            <meta-data
225-->[:image_picker_android] AndroidManifest.xml:15:13-17:75
226                android:name="android.support.FILE_PROVIDER_PATHS"
226-->[:image_picker_android] AndroidManifest.xml:16:17-67
227                android:resource="@xml/filepaths" />
227-->[:image_picker_android] AndroidManifest.xml:17:17-72
228        </provider>
229
230        <receiver
230-->[com.google.firebase:firebase-messaging:23.3.1] AndroidManifest.xml:29:9-40:20
231            android:name="com.google.firebase.iid.FirebaseInstanceIdReceiver"
231-->[com.google.firebase:firebase-messaging:23.3.1] AndroidManifest.xml:30:13-78
232            android:exported="true"
232-->[com.google.firebase:firebase-messaging:23.3.1] AndroidManifest.xml:31:13-36
233            android:permission="com.google.android.c2dm.permission.SEND" >
233-->[com.google.firebase:firebase-messaging:23.3.1] AndroidManifest.xml:32:13-73
234            <intent-filter>
234-->[:firebase_messaging] AndroidManifest.xml:32:13-34:29
235                <action android:name="com.google.android.c2dm.intent.RECEIVE" />
235-->[:firebase_messaging] AndroidManifest.xml:33:17-81
235-->[:firebase_messaging] AndroidManifest.xml:33:25-78
236            </intent-filter>
237
238            <meta-data
238-->[com.google.firebase:firebase-messaging:23.3.1] AndroidManifest.xml:37:13-39:40
239                android:name="com.google.android.gms.cloudmessaging.FINISHED_AFTER_HANDLED"
239-->[com.google.firebase:firebase-messaging:23.3.1] AndroidManifest.xml:38:17-92
240                android:value="true" />
240-->[com.google.firebase:firebase-messaging:23.3.1] AndroidManifest.xml:39:17-37
241        </receiver>
242        <!--
243             FirebaseMessagingService performs security checks at runtime,
244             but set to not exported to explicitly avoid allowing another app to call it.
245        -->
246        <service
246-->[com.google.firebase:firebase-messaging:23.3.1] AndroidManifest.xml:46:9-53:19
247            android:name="com.google.firebase.messaging.FirebaseMessagingService"
247-->[com.google.firebase:firebase-messaging:23.3.1] AndroidManifest.xml:47:13-82
248            android:directBootAware="true"
248-->[com.google.firebase:firebase-messaging:23.3.1] AndroidManifest.xml:48:13-43
249            android:exported="false" >
249-->[com.google.firebase:firebase-messaging:23.3.1] AndroidManifest.xml:49:13-37
250            <intent-filter android:priority="-500" >
250-->[:firebase_messaging] AndroidManifest.xml:23:13-25:29
251                <action android:name="com.google.firebase.MESSAGING_EVENT" />
251-->[:firebase_messaging] AndroidManifest.xml:24:17-78
251-->[:firebase_messaging] AndroidManifest.xml:24:25-75
252            </intent-filter>
253        </service>
254
255        <provider
255-->[com.google.firebase:firebase-common:20.4.2] AndroidManifest.xml:23:9-28:39
256            android:name="com.google.firebase.provider.FirebaseInitProvider"
256-->[com.google.firebase:firebase-common:20.4.2] AndroidManifest.xml:24:13-77
257            android:authorities="com.example.kltn.firebaseinitprovider"
257-->[com.google.firebase:firebase-common:20.4.2] AndroidManifest.xml:25:13-72
258            android:directBootAware="true"
258-->[com.google.firebase:firebase-common:20.4.2] AndroidManifest.xml:26:13-43
259            android:exported="false"
259-->[com.google.firebase:firebase-common:20.4.2] AndroidManifest.xml:27:13-37
260            android:initOrder="100" />
260-->[com.google.firebase:firebase-common:20.4.2] AndroidManifest.xml:28:13-36
261
262        <activity
262-->[com.google.android.gms:play-services-base:18.0.1] AndroidManifest.xml:20:9-22:45
263            android:name="com.google.android.gms.common.api.GoogleApiActivity"
263-->[com.google.android.gms:play-services-base:18.0.1] AndroidManifest.xml:20:19-85
264            android:exported="false"
264-->[com.google.android.gms:play-services-base:18.0.1] AndroidManifest.xml:22:19-43
265            android:theme="@android:style/Theme.Translucent.NoTitleBar" />
265-->[com.google.android.gms:play-services-base:18.0.1] AndroidManifest.xml:21:19-78
266
267        <meta-data
267-->[com.google.android.gms:play-services-basement:18.1.0] AndroidManifest.xml:21:9-23:69
268            android:name="com.google.android.gms.version"
268-->[com.google.android.gms:play-services-basement:18.1.0] AndroidManifest.xml:22:13-58
269            android:value="@integer/google_play_services_version" />
269-->[com.google.android.gms:play-services-basement:18.1.0] AndroidManifest.xml:23:13-66
270
271        <provider
271-->[androidx.emoji2:emoji2:1.2.0] AndroidManifest.xml:24:9-32:20
272            android:name="androidx.startup.InitializationProvider"
272-->[androidx.emoji2:emoji2:1.2.0] AndroidManifest.xml:25:13-67
273            android:authorities="com.example.kltn.androidx-startup"
273-->[androidx.emoji2:emoji2:1.2.0] AndroidManifest.xml:26:13-68
274            android:exported="false" >
274-->[androidx.emoji2:emoji2:1.2.0] AndroidManifest.xml:27:13-37
275            <meta-data
275-->[androidx.emoji2:emoji2:1.2.0] AndroidManifest.xml:29:13-31:52
276                android:name="androidx.emoji2.text.EmojiCompatInitializer"
276-->[androidx.emoji2:emoji2:1.2.0] AndroidManifest.xml:30:17-75
277                android:value="androidx.startup" />
277-->[androidx.emoji2:emoji2:1.2.0] AndroidManifest.xml:31:17-49
278            <meta-data
278-->[androidx.lifecycle:lifecycle-process:2.6.1] AndroidManifest.xml:29:13-31:52
279                android:name="androidx.lifecycle.ProcessLifecycleInitializer"
279-->[androidx.lifecycle:lifecycle-process:2.6.1] AndroidManifest.xml:30:17-78
280                android:value="androidx.startup" />
280-->[androidx.lifecycle:lifecycle-process:2.6.1] AndroidManifest.xml:31:17-49
281            <meta-data
281-->[androidx.profileinstaller:profileinstaller:1.3.0] AndroidManifest.xml:29:13-31:52
282                android:name="androidx.profileinstaller.ProfileInstallerInitializer"
282-->[androidx.profileinstaller:profileinstaller:1.3.0] AndroidManifest.xml:30:17-85
283                android:value="androidx.startup" />
283-->[androidx.profileinstaller:profileinstaller:1.3.0] AndroidManifest.xml:31:17-49
284        </provider>
285
286        <uses-library
286-->[androidx.window:window:1.0.0-beta04] AndroidManifest.xml:25:9-27:40